


 $$$$$   $$$   $      $$$  $$$$    $$$   $$$$$     $    $$$    $$$ 
 $      $   $  $       $   $   $  $   $  $        $$   $   $  $   $
 $      $      $       $   $   $  $      $         $   $   $  $   $
 $$$$   $      $       $   $$$$    $$$   $$$$      $   $   $  $   $
 $      $      $       $   $          $  $         $   $   $  $   $
 $      $   $  $       $   $      $   $  $         $   $   $  $   $
 $$$$$   $$$   $$$$$  $$$  $       $$$   $$$$$    $$$   $$$    $$$ 



                       $$$$$   $$$   $      $$$  $$$$    $$$   $$$$$     $    $$$    $$$ 
                       $      $   $  $       $   $   $  $   $  $        $$   $   $  $   $
                       $      $      $       $   $   $  $      $         $   $   $  $   $
                       $$$$   $      $       $   $$$$    $$$   $$$$      $   $   $  $   $
                       $      $      $       $   $          $  $         $   $   $  $   $
                       $      $   $  $       $   $      $   $  $         $   $   $  $   $
                       $$$$$   $$$   $$$$$  $$$  $       $$$   $$$$$    $$$   $$$    $$$ 



                                             $$$$$   $$$   $      $$$  $$$$    $$$   $$$$$     $    $$$    $$$ 
                                             $      $   $  $       $   $   $  $   $  $        $$   $   $  $   $
                                             $      $      $       $   $   $  $      $         $   $   $  $   $
                                             $$$$   $      $       $   $$$$    $$$   $$$$      $   $   $  $   $
                                             $      $      $       $   $          $  $         $   $   $  $   $
                                             $      $   $  $       $   $      $   $  $         $   $   $  $   $
                                             $$$$$   $$$   $$$$$  $$$  $       $$$   $$$$$    $$$   $$$    $$$ 



                                                                   $$$$$   $$$   $      $$$  $$$$    $$$   $$$$$     $    $$$    $$$ 
                                                                   $      $   $  $       $   $   $  $   $  $        $$   $   $  $   $
                                                                   $      $      $       $   $   $  $      $         $   $   $  $   $
                                                                   $$$$   $      $       $   $$$$    $$$   $$$$      $   $   $  $   $
                                                                   $      $      $       $   $          $  $         $   $   $  $   $
                                                                   $      $   $  $       $   $      $   $  $         $   $   $  $   $
                                                                   $$$$$   $$$   $$$$$  $$$  $       $$$   $$$$$    $$$   $$$    $$$ 
 
 Version =  2010.1
 Arch    =  PC WINDOWS (32 bit) (Intel MPI)
Annex    | Modification date    | Update date          | baseline             
=====    | =================    | ===========          | ========             
ECLIPSE  | 28-MAY-2010 11:36:49 | 28-MAY-2010 22:59:08 | S:\2010.1_w22
system   | 27-MAY-2010 16:14:43 | 28-MAY-2010 23:00:37 | S:\2010.1_w22
utility  | 28-MAY-2010 11:56:05 | 28-MAY-2010 23:00:38 | S:\2010.1_w22
 

1

 ******** ECHO OF INPUT DATA FOR RUN MAIN

 0: -- Title, problem dimensions, switches, phases present, components
 0: RUNSPEC
 0: TITLE
 0:     YUSUF PROJ
 0: 
 0: -- No. of blocks
 0: DIMENS
 0: 3*10 /
 0: 
 0: -- Phases
 0: OIL
 0: WATER
 0: GAS
 0: DISGAS
 0: 
 0: FIELD
 0: 
 0: START
 0: 01 'JAN' 2020 /
 0: 
 0: WELLDIMS
 0: 50 30 4 20 /
 0: 
 0: PARALLEL
 0:   4 /
 0: 
 0: -- Specification of geometry of computational grid (location of grid block corners), and of rock properties (porosity, absolute perm
 0: GRID
 0: 
 0: -- this is equivelant to DX 1000 20
 0: -- DXV
 0: -- 10*20 \
 0: -- DYV
 0: -- 10*20 \ -- this is equivelant to DY 1000*20
 0: -- DZ
 0: -- 1000*20 \
 0: -- a useful trick: EQUALS 'DX' 20 to set the whole array to be equal to 20m
 0: 
 0: TOPS
 0: 100*6000 100*6020 100*6040 100*6060 100*6080
 0: 100*6100 100*6120 100*6140 100*6160 100*6180
 0: /
 0: 
 0: DXV
 0: 10*20 /
 0: DYV
 0: 10*20 /
 0: DZ
 0: 1000*20 /
 0: -- OPTIONALLY you can set values on certain boxes adding the following arguments IX1-IX2 JY1-JY2 KZ1-KZ2
 0: -- Example: TOPS  7020  1   9   2   2   1   1
 0: EQUALS
 0:    -- 'DX'   20 /
 0:    -- 'DY'   20 /
 0:    -- 'DZ'   20 /
 0:    'PORO' 0.3 /
 0:    'PERMX' 300 /
 0:    'PERMY' 300 /
 0:    'PERMZ' 30 /
 0: /
 0: 
 0: -- EDIT section optional for modifications to calculated pore volumes, grid block center depths and transmissibilities
 0: 
 0: -- tables of props
 0: PROPS
 0: 
 0: SWFN
 0:   0.22  0     7
 0:   0.3   0.07  4
 0:   0.4   0.15  3
 0:   0.5   0.24  2.5
 0:   0.6   0.33  2
 0:   0.8   0.65  1
 0:   0.9   0.83  0.5
 0:   1     1     0      /
 0: 
 0: SGFN
 0:   0     0       0
 0:   0.04  0       0.2
 0:   0.1   0.022   0.5
 0:   0.2   0.1     1
 0:   0.3   0.24    1.5
 0:   0.4   0.34    2
 0:   0.5   0.42    2.5
 0:   0.6   0.5     3
 0:   0.7   0.8125  3.5
 0:   0.78  1       3.9    /
 0: 
 0: SOF3
 0: 
 0: 0        0         0
 0: 0.2      0         0
 0: 0.38     0.00432   0
 0: 0.4      0.0048    0.004
 0: 0.48     0.05288   0.02
 0: 0.5      0.0649    0.036
 0: 0.58     0.11298   0.1
 0: 0.6      0.125     0.146
 0: 0.68     0.345     0.33
 0: 0.7      0.4       0.42
 0: 0.74     0.7       0.6
 0: 0.78     1         1          /
 0: 
 0: PVTW
 0: 6000  1.00341  3.0D-6  0.96  0  /
 0: 
 0: ROCK
 0: 6600    4.0D-6   /
 0: 
 0: DENSITY
 0: 45   63.02   0.0702  /
 0: 
 0: PVDG
 0:  400  5.9   0.013
 0:  800  2.95  0.0135
 0: 1200  1.96  0.014
 0: 1600  1.47  0.0145
 0: 2000  1.18  0.015
 0: 2400  0.98  0.0155
 0: 2800  0.84  0.016
 0: 3200  0.74  0.0165
 0: 3600  0.65  0.017
 0: 4000  0.59  0.0175
 0: 4400  0.54  0.018
 0: 4800  0.49  0.0185
 0: 5200  0.45  0.019
 0: 5600  0.42  0.0195 /
 0: 
 0: PVTO
 0:    0.165      400   1.012    1.17  /
 0:    0.335      800   1.0255   1.14  /
 0:    0.500     1200   1.038    1.11  /
 0:    0.665     1600   1.051    1.08  /
 0:    0.828     2000   1.063    1.06  /
 0:    0.985     2400   1.075    1.03  /
 0:    1.130     2800   1.087    1.00  /
 0:    1.270     3200   1.0985   0.98  /
 0:    1.390     3600   1.11     0.95  /
 0:    1.500     4000   1.12     0.94  /
 0:    1.600     4400   1.13     0.92  /
 0:    1.676     4800   1.14     0.91  /
 0:    1.750     5200   1.148    0.9   /
 0:    1.810     5600   1.155    0.89
 0:              6000   1.1504   0.89
 0:              6400   1.1458   0.89
 0:              6800   1.1412   0.89
 0:              7200   1.1367   0.89  /
 0: /
 0: 
 0: RPTPROPS
 0:    -- PROPS Reporting Options
 0: --
 0: 'PVTO' 'PVDO' 'PVTW' 'PVTG' 'PVDG' 'DENSITY' 'GRAVITY' 'SDENSITY' 'ROCK'
 0: 'ROCKTAB'
 0: /
 0: 
 0: -- SWFN
 0: -- --Sw    Krw    Pcow
 0: -- 0.22    0.0    7.0
 0: -- 0.3     0.0    4.0
 0: -- 0.5     0.24   2.5
 0: -- 0.8     0.65   1.0
 0: -- 0.9     0.83   0.5
 0: -- 1.0     1.00   0.0
 0: 
 0: -- SWOF
 0: -- -- SW    Krw   Krow   Pco
 0: --    0.22  0.00  1.00   7.00
 0: --    0.30	 0.07  0.40   4.00
 0: --    0.40	 0.15  0.125  3.00
 0: --    0.50  1*    0.0649 1*
 0: --    0.60	 0.33  0.0048 2.00
 0: --    0.80  0.65  0.00   1.00
 0: --    0.90	 0.83  0.00   1*
 0: --    1.00	 1.00  0.00   0.00 /
 0: 
 0: -- PVTW
 0: -- -- Pref  Bref     Cw      Vw   (dVw/dp)/Vw
 0: --    200   1.00341  3.0D-6  0.96  0          /
 0: 
 0: -- ROCK
 0: -- -- Pref (barsa)   Crock (1/bar)    C_R matrix (1/bar)
 0: --    250 		  1*               /
 0: 
 0: -- -- you may specify densities using DENSITY keyword
 0: 
 0: -- Initial conditions
 0: SOLUTION
 0: 
 0: EQUIL
 0: 3000 300 3180 0 3000 0 0 0 5 /
 0: 
 0: -- Simulation schedule
 0: SUMMARY
 0: 
 0: FOPR
 0: 
 0: GOPR
 0: 
 0: WOPR
 0: 
 0: FLPR
 0: 
 0: GLPR
 0: 
 0: WLPR
 0: 
 0: RUNSUM
 0: 
 0: RPTSMRY
 0:   1 /
 0: 
 0: SCHEDULE
 0: 
 0: RPTSCHED
 0: 'SOIL' 'RESTART=1' 'FIP=1' 'WELLS=2' 'SUMMARY=2' 'CPU=2' 'WELSPECS'  /
 0: 
 0: -- WELSPECS -- introduce well
 0: WELSPECS
 0:   -- Well Name    Group Name  Location (I,J) BHP Depth  Pref. Phase  Drainage Radius
 0: 'YP1-001'     'Prod-GRP'         1 1           1*         'OIL'        -1.0   /
 0: -- 'YP1-002'     'Prod-GRP'         1 3           1*         'OIL'        -1.0   /
 0: 'YP1-003'     'Prod-GRP'         1 8           1*         'OIL'        -1.0   /
 0: -- 'YP1-004'     'Prod-GRP'         3 1           1*         'OIL'        -1.0   /
 0: 'YP1-005'     'Prod-GRP'         3 3           1*         'OIL'        -1.0   /
 0: 'YP1-006'     'Prod-GRP'         3 8           1*         'OIL'        -1.0   /
 0: 'YP1-007'     'Prod-GRP'         8 1           1*         'OIL'        -1.0   /
 0: -- 'YP1-008'     'Prod-GRP'         8 3           1*         'OIL'        -1.0   /
 0: 'YP1-009'     'Prod-GRP'         8 8           1*         'OIL'        -1.0   /
 0: /
 0: 
 0: --  WELL    -LOCATION-  OPEN/  SAT  CONN  BORE
 0: --  NAME    I  J K1-K2  SHUT   TAB  FACT  DIAM
 0: COMPDAT
 0:   'YP1-???'    0  0 2  8   'OPEN'  0     0    0.15 /
 0: /
 0: 
 0: WCONPROD
 0: --  WELL    OPEN/  CNTL   OIL   WATER  GAS   LIQU  VOID  BHP
 0: --  NAME    SHUT   MODE   RATE  RATE   RATE  RATE  RATE
 0:   'YP1-???'   'OPEN' 'ORAT'  1000  4*                       1000 /
 0:   /
 0: 
 0: 
 0: TSTEP
 0:   10000 /
 0: 
 0: WCONPROD
 0: --  WELL    OPEN/  CNTL   OIL   WATER  GAS   LIQU  VOID  BHP
 0: --  NAME    SHUT   MODE   RATE  RATE   RATE  RATE  RATE
 0:   'YP1-???'   'OPEN' 'ORAT'  1000  4*                       1000 /
 0:   /
 0: 
 0: END

 ******** END OF INPUT DATA FOR RUN MAIN
     1 READING RUNSPEC 
     2 READING TITLE   
     3 READING DIMENS  
     4 READING OIL     
     5 READING WATER   
     6 READING GAS     
     7 READING DISGAS  
     8 READING FIELD   
     9 READING START   
    10 READING WELLDIMS
    11 READING PARALLEL
    12 READING GRID    

 @--MESSAGE  AT TIME        0.0   DAYS    ( 1-JAN-2020):
 @           CHECKING FOR LICENSES                                           

 @--MESSAGE  AT TIME        0.0   DAYS    ( 1-JAN-2020):
 @           CHECKING FOR LICENSES                                           

 @--MESSAGE  AT TIME        0.0   DAYS    ( 1-JAN-2020):
 @           THE MEMORY REQUIRED TO PROCESS THE GRID SECTION IS              
 @               141224 BYTES   PROCESSOR   1                                
 @               167352 BYTES   PROCESSOR   2                                
 @               141224 BYTES   PROCESSOR   3                                
 @               141224 BYTES   PROCESSOR   4                                
    13 READING TOPS    
    14 READING DXV     
    15 READING DYV     
    16 READING DZ      
    17 READING EQUALS  
    18 READING PROPS   

 @--MESSAGE  AT TIME        0.0   DAYS    ( 1-JAN-2020):
 @           NEITHER OLDTRAN,OLDTRANR NOR NEWTRAN SPECIFIED                  
 @           BLOCK CENTRE TRANSMISSIBILITIES TO BE CALCULATED                
 @           USING  OLDTRAN                                                  

 @--COMMENT  AT TIME        0.0   DAYS    ( 1-JAN-2020):
 @           NO NON-NEIGHBOUR CONNECTIONS FOUND                              

 @--MESSAGE  AT TIME        0.0   DAYS    ( 1-JAN-2020):
 @           NUMBER OF ACTIVE CELLS IS 1000                                  

 @--MESSAGE  AT TIME        0.0   DAYS    ( 1-JAN-2020):
 @           THE MEMORY REQUIRED TO PROCESS THE SOLUTION SECTION IS          
 @                 2678 KBYTES  PROCESSOR   1                                
 @                 2714 KBYTES  PROCESSOR   2                                
 @                 2818 KBYTES  PROCESSOR   3                                
 @                 2678 KBYTES  PROCESSOR   4                                

 @--MESSAGE  AT TIME        0.0   DAYS    ( 1-JAN-2020):
 @              59944 CHARACTER VARIABLES USED                               
    19 READING SWFN    
    20 READING SGFN    
    21 READING SOF3    
    22 READING PVTW    
    23 READING ROCK    
    24 READING DENSITY 
    25 READING PVDG    
    26 READING PVTO    
    27 READING RPTPROPS
    28 READING SOLUTION
1                             **********************************************************************   1
  PVTO     AT     0.00   DAYS *    YUSUF PROJ                                                          * ECLIPSE  VERSION 2010.1     
  REPORT   0     1 JAN 2020   *  RUN                                                                   * RUN AT 21:59 ON 23 JLY 2021 
                              **************************************************************************

  --------------------------------- 
  OIL PVT FUNCTIONS       TABLE   1
  --------------------------------- 

    RS    PRESSURE    BO       VO   
 MSCF/STB   PSIA    RB/STB     CP   


    0.165
            400.00   1.0120   1.1700

    0.335
            800.00   1.0255   1.1400

    0.500
           1200.00   1.0380   1.1100

    0.665
           1600.00   1.0510   1.0800

    0.828
           2000.00   1.0630   1.0600

    0.985
           2400.00   1.0750   1.0300

    1.130
           2800.00   1.0870   1.0000

    1.270
           3200.00   1.0985   0.9800

    1.390
           3600.00   1.1100   0.9500

    1.500
           4000.00   1.1200   0.9400

    1.600
           4400.00   1.1300   0.9200

    1.676
           4800.00   1.1400   0.9100

    1.750
           5200.00   1.1480   0.9000

    1.810
           5600.00   1.1550   0.8900
           6000.00   1.1504   0.8900
           6400.00   1.1458   0.8900
           6800.00   1.1412   0.8900
           7200.00   1.1367   0.8900
1                             **********************************************************************   2
  PVTW     AT     0.00   DAYS *    YUSUF PROJ                                                          * ECLIPSE  VERSION 2010.1     
  REPORT   0     1 JAN 2020   *  RUN                                                                   * RUN AT 21:59 ON 23 JLY 2021 
                              **************************************************************************

               --------------------
               WATER PVT PROPERTIES
               --------------------

 TABLE   PREF    FVFREF    COMP    VISREF  VISCOMP
         PSIA    RB/STB    1/PSI     CP      1/PSI 

   1    6000.0   1.0034  3.00D-06   0.96  0.00D+00
1                             **********************************************************************   3
  PVDG     AT     0.00   DAYS *    YUSUF PROJ                                                          * ECLIPSE  VERSION 2010.1     
  REPORT   0     1 JAN 2020   *  RUN                                                                   * RUN AT 21:59 ON 23 JLY 2021 
                              **************************************************************************

 ---------------------------
 DRY GAS PVT DATA  TABLE   1
 ---------------------------

 PRESSURE     BG       VG   
   PSIA    RB/MSCF    CP   

   400.00   5.9000   0.0130
   800.00   2.9500   0.0135
  1200.00   1.9600   0.0140
  1600.00   1.4700   0.0145
  2000.00   1.1800   0.0150
  2400.00   0.9800   0.0155
  2800.00   0.8400   0.0160
  3200.00   0.7400   0.0165
  3600.00   0.6500   0.0170
  4000.00   0.5900   0.0175
  4400.00   0.5400   0.0180
  4800.00   0.4900   0.0185
  5200.00   0.4500   0.0190
  5600.00   0.4200   0.0195
1                             **********************************************************************   4
  DENSITY  AT     0.00   DAYS *    YUSUF PROJ                                                          * ECLIPSE  VERSION 2010.1     
  REPORT   0     1 JAN 2020   *  RUN                                                                   * RUN AT 21:59 ON 23 JLY 2021 
                              **************************************************************************

       -----------------
       SURFACE DENSITIES
       -----------------

 TABLE    OIL     WATER    GAS 
       LB/FT3   LB/FT3   LB/FT3 

   1    45.000   63.020  0.07020
1                             **********************************************************************   5
  ROCK     AT     0.00   DAYS *    YUSUF PROJ                                                          * ECLIPSE  VERSION 2010.1     
  REPORT   0     1 JAN 2020   *  RUN                                                                   * RUN AT 21:59 ON 23 JLY 2021 
                              **************************************************************************

     ---------------
     ROCK PROPERTIES
     ---------------

 TABLE   PREF     COMP 
         PSIA     1/PSI 

   1    6600.0  4.00D-06
    29 READING EQUIL   
    30 READING SUMMARY 
    31 READING FOPR    
    32 READING GOPR    
    33 READING SCHEDULE
    34 READING RPTSCHED
    35 READING WELSPECS
    36 READING COMPDAT 
    37 READING WCONPROD
    38 READING TSTEP   
1                             **********************************************************************   6
  WELSPECS AT     0.00   DAYS *    YUSUF PROJ                                                          * ECLIPSE  VERSION 2010.1     
  REPORT   0     1 JAN 2020   *  RUN                                                                   * RUN AT 21:59 ON 23 JLY 2021 
                              **************************************************************************


                                                       WELL SPECIFICATION DATA
                                                       -----------------------

      -------------------------------------------------------------------------------------------------------------------------
      :   WELL   :   GROUP  : WELLHEAD :  B.H.REF : PREF- : DRAINAGE : GAS  : SHUT-IN : CROSS : PVT : WELL : FIP :    WELL    :
      :   NAME   :   NAME   : LOCATION :   DEPTH  : ERRED :  RADIUS  : INFL : INSTRCT : FLOW  : TAB : DENS : REG :  D-FACTOR  :
      :          :          : ( I, J ) :   FEET   : PHASE :   FEET   : EQUN :         : ABLTY :     : CALC :     :  DAY/MSCF  :
      -------------------------------------------------------------------------------------------------------------------------
      : YP1-001  : PROD-GRP :   1,   1 :   6030.0 :  OIL  : CALC POT : STD  :   SHUT  :  YES  :  1  :  SEG :  0  :          0 :
      : YP1-003  : PROD-GRP :   1,   8 :   6030.0 :  OIL  : CALC POT : STD  :   SHUT  :  YES  :  1  :  SEG :  0  :          0 :
      : YP1-005  : PROD-GRP :   3,   3 :   6030.0 :  OIL  : CALC POT : STD  :   SHUT  :  YES  :  1  :  SEG :  0  :          0 :
      : YP1-006  : PROD-GRP :   3,   8 :   6030.0 :  OIL  : CALC POT : STD  :   SHUT  :  YES  :  1  :  SEG :  0  :          0 :
      : YP1-007  : PROD-GRP :   8,   1 :   6030.0 :  OIL  : CALC POT : STD  :   SHUT  :  YES  :  1  :  SEG :  0  :          0 :
      : YP1-009  : PROD-GRP :   8,   8 :   6030.0 :  OIL  : CALC POT : STD  :   SHUT  :  YES  :  1  :  SEG :  0  :          0 :
      -------------------------------------------------------------------------------------------------------------------------


                                                         WELL CONNECTION DATA
                                                         --------------------

  ----------------------------------------------------------------------------------------------------------------------------------
  :  WELL   :    GRID    : CMPL:  CENTRE : OPEN: SAT :CONNECTION:  INT   :  K  H   :  SKIN  : CONNECTION : SATURATION SCALING DATA :
  :  NAME   :    BLOCK   :  NO :  DEPTH  : SHUT: TAB :  FACTOR* :  DIAM  :  VALUE  : FACTOR :  D-FACTOR  : SWMIN SWMAX SGMIN SGMAX :
  :         :            :     :   FEET  :     :     : CPB/D/PS :  FEET  :  MD.FEET:        :  DAY/MSCF  :                         :
  ----------------------------------------------------------------------------------------------------------------------------------
  : YP1-001 :   1,  1,  2:   1 :   6030.0: OPEN:  0  :    10.712:  0.1500:   6000.0:       0:           0:                         : 
  : YP1-001 :   1,  1,  3:   2 :   6050.0: OPEN:  0  :    10.712:  0.1500:   6000.0:       0:           0:                         : 
  : YP1-001 :   1,  1,  4:   3 :   6070.0: OPEN:  0  :    10.712:  0.1500:   6000.0:       0:           0:                         : 
  : YP1-001 :   1,  1,  5:   4 :   6090.0: OPEN:  0  :    10.712:  0.1500:   6000.0:       0:           0:                         : 
  : YP1-001 :   1,  1,  6:   5 :   6110.0: OPEN:  0  :    10.712:  0.1500:   6000.0:       0:           0:                         : 
  : YP1-001 :   1,  1,  7:   6 :   6130.0: OPEN:  0  :    10.712:  0.1500:   6000.0:       0:           0:                         : 
  : YP1-001 :   1,  1,  8:   7 :   6150.0: OPEN:  0  :    10.712:  0.1500:   6000.0:       0:           0:                         : 
  ----------------------------------------------------------------------------------------------------------------------------------
  : YP1-003 :   1,  8,  2:   1 :   6030.0: OPEN:  0  :    10.712:  0.1500:   6000.0:       0:           0:                         : 
  : YP1-003 :   1,  8,  3:   2 :   6050.0: OPEN:  0  :    10.712:  0.1500:   6000.0:       0:           0:                         : 
  : YP1-003 :   1,  8,  4:   3 :   6070.0: OPEN:  0  :    10.712:  0.1500:   6000.0:       0:           0:                         : 
  : YP1-003 :   1,  8,  5:   4 :   6090.0: OPEN:  0  :    10.712:  0.1500:   6000.0:       0:           0:                         : 
  : YP1-003 :   1,  8,  6:   5 :   6110.0: OPEN:  0  :    10.712:  0.1500:   6000.0:       0:           0:                         : 
  : YP1-003 :   1,  8,  7:   6 :   6130.0: OPEN:  0  :    10.712:  0.1500:   6000.0:       0:           0:                         : 
  : YP1-003 :   1,  8,  8:   7 :   6150.0: OPEN:  0  :    10.712:  0.1500:   6000.0:       0:           0:                         : 
  ----------------------------------------------------------------------------------------------------------------------------------
  : YP1-005 :   3,  3,  2:   1 :   6030.0: OPEN:  0  :    10.712:  0.1500:   6000.0:       0:           0:                         : 
  : YP1-005 :   3,  3,  3:   2 :   6050.0: OPEN:  0  :    10.712:  0.1500:   6000.0:       0:           0:                         : 
  : YP1-005 :   3,  3,  4:   3 :   6070.0: OPEN:  0  :    10.712:  0.1500:   6000.0:       0:           0:                         : 
  : YP1-005 :   3,  3,  5:   4 :   6090.0: OPEN:  0  :    10.712:  0.1500:   6000.0:       0:           0:                         : 
  : YP1-005 :   3,  3,  6:   5 :   6110.0: OPEN:  0  :    10.712:  0.1500:   6000.0:       0:           0:                         : 
  : YP1-005 :   3,  3,  7:   6 :   6130.0: OPEN:  0  :    10.712:  0.1500:   6000.0:       0:           0:                         : 
  : YP1-005 :   3,  3,  8:   7 :   6150.0: OPEN:  0  :    10.712:  0.1500:   6000.0:       0:           0:                         : 
  ----------------------------------------------------------------------------------------------------------------------------------
  : YP1-006 :   3,  8,  2:   1 :   6030.0: OPEN:  0  :    10.712:  0.1500:   6000.0:       0:           0:                         : 
  : YP1-006 :   3,  8,  3:   2 :   6050.0: OPEN:  0  :    10.712:  0.1500:   6000.0:       0:           0:                         : 
  : YP1-006 :   3,  8,  4:   3 :   6070.0: OPEN:  0  :    10.712:  0.1500:   6000.0:       0:           0:                         : 
  : YP1-006 :   3,  8,  5:   4 :   6090.0: OPEN:  0  :    10.712:  0.1500:   6000.0:       0:           0:                         : 
  : YP1-006 :   3,  8,  6:   5 :   6110.0: OPEN:  0  :    10.712:  0.1500:   6000.0:       0:           0:                         : 
  : YP1-006 :   3,  8,  7:   6 :   6130.0: OPEN:  0  :    10.712:  0.1500:   6000.0:       0:           0:                         : 
  : YP1-006 :   3,  8,  8:   7 :   6150.0: OPEN:  0  :    10.712:  0.1500:   6000.0:       0:           0:                         : 
  ----------------------------------------------------------------------------------------------------------------------------------
  : YP1-007 :   8,  1,  2:   1 :   6030.0: OPEN:  0  :    10.712:  0.1500:   6000.0:       0:           0:                         : 
  : YP1-007 :   8,  1,  3:   2 :   6050.0: OPEN:  0  :    10.712:  0.1500:   6000.0:       0:           0:                         : 
  : YP1-007 :   8,  1,  4:   3 :   6070.0: OPEN:  0  :    10.712:  0.1500:   6000.0:       0:           0:                         : 
  : YP1-007 :   8,  1,  5:   4 :   6090.0: OPEN:  0  :    10.712:  0.1500:   6000.0:       0:           0:                         : 
  : YP1-007 :   8,  1,  6:   5 :   6110.0: OPEN:  0  :    10.712:  0.1500:   6000.0:       0:           0:                         : 
  : YP1-007 :   8,  1,  7:   6 :   6130.0: OPEN:  0  :    10.712:  0.1500:   6000.0:       0:           0:                         : 
  : YP1-007 :   8,  1,  8:   7 :   6150.0: OPEN:  0  :    10.712:  0.1500:   6000.0:       0:           0:                         : 
  ----------------------------------------------------------------------------------------------------------------------------------
  : YP1-009 :   8,  8,  2:   1 :   6030.0: OPEN:  0  :    10.712:  0.1500:   6000.0:       0:           0:                         : 
  : YP1-009 :   8,  8,  3:   2 :   6050.0: OPEN:  0  :    10.712:  0.1500:   6000.0:       0:           0:                         : 
  : YP1-009 :   8,  8,  4:   3 :   6070.0: OPEN:  0  :    10.712:  0.1500:   6000.0:       0:           0:                         : 
  : YP1-009 :   8,  8,  5:   4 :   6090.0: OPEN:  0  :    10.712:  0.1500:   6000.0:       0:           0:                         : 
  : YP1-009 :   8,  8,  6:   5 :   6110.0: OPEN:  0  :    10.712:  0.1500:   6000.0:       0:           0:                         : 
  : YP1-009 :   8,  8,  7:   6 :   6130.0: OPEN:  0  :    10.712:  0.1500:   6000.0:       0:           0:                         : 
  : YP1-009 :   8,  8,  8:   7 :   6150.0: OPEN:  0  :    10.712:  0.1500:   6000.0:       0:           0:                         : 
  ----------------------------------------------------------------------------------------------------------------------------------
  * CONNECTION FACTORS IN THE ABOVE TABLE DO NOT INCLUDE MODIFIERS FOR ROCK COMPACTION, SCALE DAMAGE AND PI MULTIPLIER TABLES.
    SEE SUMMARY OUTPUT FOR MODIFIED CONNECTION FACTORS.


                                                     PRODUCTION WELL CONTROL DATA
                                                     ----------------------------

               -------------------------------------------------------------------------------------------------------
               :  WELL  :OPEN:CTRL:                        TARGET OR LIMITING                         :PRD:ARTIFICIAL:
               :  NAME  :SHUT:MODE: OIL RATE: WAT RATE: GAS RATE: LIQ RATE: RES V RT: B.H.P. : T.H.P. :VFP:   LIFT   :
               :        :    :    :  STB/DAY:  STB/DAY: MSCF/DAY:  STB/DAY:  RB/DAY :  PSIA  :  PSIA  :TAB:          :
               -------------------------------------------------------------------------------------------------------
               :YP1-001 :OPEN:ORAT:     1000:         :         :         :         :  1000.0:        :   :          :
               :YP1-003 :OPEN:ORAT:     1000:         :         :         :         :  1000.0:        :   :          :
               :YP1-005 :OPEN:ORAT:     1000:         :         :         :         :  1000.0:        :   :          :
               :YP1-006 :OPEN:ORAT:     1000:         :         :         :         :  1000.0:        :   :          :
               :YP1-007 :OPEN:ORAT:     1000:         :         :         :         :  1000.0:        :   :          :
               :YP1-009 :OPEN:ORAT:     1000:         :         :         :         :  1000.0:        :   :          :
               -------------------------------------------------------------------------------------------------------


                                                  GROUP PRODUCTION CONTROL OF WELLS
                                                  ---------------------------------

                ----------------------------------------------------------------------------------------------------
                :   WELL   :AVAIL:  CONTROL BY GUIDE RATE ::     WELL PRIORITY ONE     :     WELL PRIORITY TWO     :
                :   NAME   :-ABLE:  GUIDE RATE  :G.R.MULT-::FROM: FIXED VALUE: PRIORITY:FROM: FIXED VALUE: PRIORITY:
                :          :  ?  :              : IPLIER  ::EQUN:            : MULITPLY:EQUN:            : MULTIPLY:
                ----------------------------------------------------------------------------------------------------
                : YP1-001  : YES :              :         ::    :            :         :    :            :         :                                
                : YP1-003  : YES :              :         ::    :            :         :    :            :         :                                
                : YP1-005  : YES :              :         ::    :            :         :    :            :         :                                
                : YP1-006  : YES :              :         ::    :            :         :    :            :         :                                
                : YP1-007  : YES :              :         ::    :            :         :    :            :         :                                
                : YP1-009  : YES :              :         ::    :            :         :    :            :         :                                
                ----------------------------------------------------------------------------------------------------

 @--MESSAGE  AT TIME        0.0   DAYS    ( 1-JAN-2020):
 @           DRSDT KEYWORD HAS NOT BEEN ENTERED, SO THE                      
 @           MAXIMUM GAS RE-SOLUTION RATE IS DEFAULTED TO INFINITY.          
1                             **********************************************************************   7
  SIMULATE AT     0.00   DAYS *    YUSUF PROJ                                                          * ECLIPSE  VERSION 2010.1     
  REPORT   0     1 JAN 2020   *  RUN                                                                   * RUN AT 21:59 ON 23 JLY 2021 
                              **************************************************************************

 @--MESSAGE  AT TIME        0.0   DAYS    ( 1-JAN-2020):
 @           ******************************************                      
 @           * WELL YP1-001  HAS CHANGED TO           *                      
 @           * CONTROL BY BOTTOM HOLE PRESSURE        *                      
 @           * FROM TIME      0.00   DAYS  .          *                      
 @           ******************************************                      

 @--MESSAGE  AT TIME        0.0   DAYS    ( 1-JAN-2020):
 @           ******************************************                      
 @           * WELL YP1-003  HAS CHANGED TO           *                      
 @           * CONTROL BY BOTTOM HOLE PRESSURE        *                      
 @           * FROM TIME      0.00   DAYS  .          *                      
 @           ******************************************                      

 @--MESSAGE  AT TIME        0.0   DAYS    ( 1-JAN-2020):
 @           ******************************************                      
 @           * WELL YP1-005  HAS CHANGED TO           *                      
 @           * CONTROL BY BOTTOM HOLE PRESSURE        *                      
 @           * FROM TIME      0.00   DAYS  .          *                      
 @           ******************************************                      

 @--MESSAGE  AT TIME        0.0   DAYS    ( 1-JAN-2020):
 @           ******************************************                      
 @           * WELL YP1-006  HAS CHANGED TO           *                      
 @           * CONTROL BY BOTTOM HOLE PRESSURE        *                      
 @           * FROM TIME      0.00   DAYS  .          *                      
 @           ******************************************                      

 @--MESSAGE  AT TIME        0.0   DAYS    ( 1-JAN-2020):
 @           ******************************************                      
 @           * WELL YP1-007  HAS CHANGED TO           *                      
 @           * CONTROL BY BOTTOM HOLE PRESSURE        *                      
 @           * FROM TIME      0.00   DAYS  .          *                      
 @           ******************************************                      

 @--MESSAGE  AT TIME        0.0   DAYS    ( 1-JAN-2020):
 @           ******************************************                      
 @           * WELL YP1-009  HAS CHANGED TO           *                      
 @           * CONTROL BY BOTTOM HOLE PRESSURE        *                      
 @           * FROM TIME      0.00   DAYS  .          *                      
 @           ******************************************                      

 STEP    1 TIME=    1.00  DAYS (  +1.0  DAYS INIT  3 ITS) (2-JAN-2020)           
  PAV=  1038.2  PSIA   WCT=1.000 GOR= 0.00000  MSCF/STB WGR= 0.00000  STB/MSCF   

      PR.RATE   PR.TOTAL  IN.RATE   IN.TOTAL  MAX SATURN CHANGE   MAX TIME TRNC ERR

 OIL       0.         0.       0.         0.  0.000(  1,  1,  1)  0.000(  1,  1,  1)
 WAT    1650.      1650.       0.         0.  0.000(  1,  1,  1)  0.000(  1,  1,  1)
 GAS       0.         0.       0.         0.  0.000(  1,  1,  1)  0.000(  1,  1,  1)

      MAX DP = -579.41(  1,  1,  5)  MAX DRS=  0.3300( 10, 10, 10) 

 STEP    2 TIME=    4.00  DAYS (  +3.0  DAYS MAXF  2 ITS) (5-JAN-2020)           
  PAV=  1030.1  PSIA   WCT=1.000 GOR= 0.00000  MSCF/STB WGR= 0.00000  STB/MSCF   

      PR.RATE   PR.TOTAL  IN.RATE   IN.TOTAL  MAX SATURN CHANGE   MAX TIME TRNC ERR

 OIL       0.         0.       0.         0.  0.000(  1,  1,  1)  0.000(  1,  1,  1)
 WAT       8.      1673.       0.         0.  0.000(  1,  1,  1)  0.000(  1,  1,  1)
 GAS       0.         0.       0.         0.  0.000(  1,  1,  1)  0.000(  1,  1,  1)

      MAX DP =  -15.97( 10, 10, 10)  MAX DRS= -0.0066( 10, 10, 10) 

 STEP    3 TIME=   13.00  DAYS (  +9.0  DAYS MAXF  1 ITS) (14-JAN-2020)          
  PAV=  1030.1  PSIA   WCT=1.000 GOR= 0.00000  MSCF/STB WGR= 0.00000  STB/MSCF   

      PR.RATE   PR.TOTAL  IN.RATE   IN.TOTAL  MAX SATURN CHANGE   MAX TIME TRNC ERR

 OIL       0.         0.       0.         0.  0.000(  1,  1,  1)  0.000(  1,  1,  1)
 WAT       0.      1673.       0.         0.  0.000(  1,  1,  1)  0.000(  1,  1,  1)
 GAS       0.         0.       0.         0.  0.000(  1,  1,  1)  0.000(  1,  1,  1)

      MAX DP =   -0.12( 10, 10, 10)  MAX DRS= -0.0001( 10, 10, 10) 

 @--WARNING  AT TIME       13.0   DAYS    (14-JAN-2020):
 @           THE RESERVOIR PRESSURE IS TOO LOW FOR WELL YP1-005              
 @           TO PRODUCE AT THE REQUIRED BOTTOM HOLE PRESSURE                 

 @--MESSAGE  AT TIME       13.0   DAYS    (14-JAN-2020):
 @           WELL YP1-005  CANNOT OPERATE UNDER THE CURRENT                  
 @           RESERVOIR CONDITIONS IN NON-LINEAR ITERATION   1.               
 @           ITS IPR IS    Q(P)  =  A  -  BHP * B ,   WHERE:                 
 @           A(O,W,G) =   0.0000E+00  7.6687E+04  0.0000E+00                 
 @           B(O,W,G) =   0.0000E+00  7.6687E+01  0.0000E+00 .               
 @           LAST CONVERGED SOLUTION:                                        
 @               ORAT        WRAT        GRAT        BHP         THP         
 @             0.0000E+00  2.5450E-02  0.0000E+00  1.0000E+03  0.0000E+00    
 @           THE WELL IS   SHUT  FOR THE ITERATION.                          

 @--WARNING  AT TIME       13.0   DAYS    (14-JAN-2020):
 @           THE RESERVOIR PRESSURE IS TOO LOW FOR WELL YP1-007              
 @           TO PRODUCE AT THE REQUIRED BOTTOM HOLE PRESSURE                 

 @--MESSAGE  AT TIME       13.0   DAYS    (14-JAN-2020):
 @           WELL YP1-007  CANNOT OPERATE UNDER THE CURRENT                  
 @           RESERVOIR CONDITIONS IN NON-LINEAR ITERATION   1.               
 @           ITS IPR IS    Q(P)  =  A  -  BHP * B ,   WHERE:                 
 @           A(O,W,G) =   0.0000E+00  7.6687E+04  0.0000E+00                 
 @           B(O,W,G) =   0.0000E+00  7.6687E+01  0.0000E+00 .               
 @           LAST CONVERGED SOLUTION:                                        
 @               ORAT        WRAT        GRAT        BHP         THP         
 @             0.0000E+00  1.6786E-02  0.0000E+00  1.0000E+03  0.0000E+00    
 @           THE WELL IS   SHUT  FOR THE ITERATION.                          

 @--WARNING  AT TIME       13.0   DAYS    (14-JAN-2020):
 @           THE RESERVOIR PRESSURE IS TOO LOW FOR WELL YP1-009              
 @           TO PRODUCE AT THE REQUIRED BOTTOM HOLE PRESSURE                 

 @--MESSAGE  AT TIME       13.0   DAYS    (14-JAN-2020):
 @           WELL YP1-009  CANNOT OPERATE UNDER THE CURRENT                  
 @           RESERVOIR CONDITIONS IN NON-LINEAR ITERATION   1.               
 @           ITS IPR IS    Q(P)  =  A  -  BHP * B ,   WHERE:                 
 @           A(O,W,G) =   0.0000E+00  7.6687E+04  0.0000E+00                 
 @           B(O,W,G) =   0.0000E+00  7.6687E+01  0.0000E+00 .               
 @           LAST CONVERGED SOLUTION:                                        
 @               ORAT        WRAT        GRAT        BHP         THP         
 @            -3.9500E-19  1.7789E-02  0.0000E+00  1.0000E+03  0.0000E+00    
 @           THE WELL IS   SHUT  FOR THE ITERATION.                          

 @--MESSAGE  AT TIME       13.0   DAYS    (14-JAN-2020):
 @           WELL YP1-005  IS REVIVED FOR ITERATION   2                      

 @--MESSAGE  AT TIME       13.0   DAYS    (14-JAN-2020):
 @           WELL YP1-007  IS REVIVED FOR ITERATION   2                      

 @--MESSAGE  AT TIME       13.0   DAYS    (14-JAN-2020):
 @           WELL YP1-009  IS REVIVED FOR ITERATION   2                      

 @--WARNING  AT TIME       13.0   DAYS    (14-JAN-2020):
 @           THE RESERVOIR PRESSURE IS TOO LOW FOR WELL YP1-001              
 @           TO PRODUCE AT THE REQUIRED BOTTOM HOLE PRESSURE                 

 @--MESSAGE  AT TIME       13.0   DAYS    (14-JAN-2020):
 @           WELL YP1-001  CANNOT OPERATE UNDER THE CURRENT                  
 @           RESERVOIR CONDITIONS IN NON-LINEAR ITERATION   2.               
 @           ITS IPR IS    Q(P)  =  A  -  BHP * B ,   WHERE:                 
 @           A(O,W,G) =   0.0000E+00  7.6687E+04  0.0000E+00                 
 @           B(O,W,G) =   0.0000E+00  7.6687E+01  0.0000E+00 .               
 @           LAST CONVERGED SOLUTION:                                        
 @               ORAT        WRAT        GRAT        BHP         THP         
 @             0.0000E+00  1.8162E-02  0.0000E+00  1.0000E+03  0.0000E+00    
 @           THE WELL IS   SHUT  FOR THE ITERATION.                          

 @--WARNING  AT TIME       13.0   DAYS    (14-JAN-2020):
 @           THE RESERVOIR PRESSURE IS TOO LOW FOR WELL YP1-003              
 @           TO PRODUCE AT THE REQUIRED BOTTOM HOLE PRESSURE                 

 @--MESSAGE  AT TIME       13.0   DAYS    (14-JAN-2020):
 @           WELL YP1-003  CANNOT OPERATE UNDER THE CURRENT                  
 @           RESERVOIR CONDITIONS IN NON-LINEAR ITERATION   2.               
 @           ITS IPR IS    Q(P)  =  A  -  BHP * B ,   WHERE:                 
 @           A(O,W,G) =   0.0000E+00  7.6687E+04  0.0000E+00                 
 @           B(O,W,G) =   0.0000E+00  7.6687E+01  0.0000E+00 .               
 @           LAST CONVERGED SOLUTION:                                        
 @               ORAT        WRAT        GRAT        BHP         THP         
 @             0.0000E+00  1.0360E-02  0.0000E+00  1.0000E+03  0.0000E+00    
 @           THE WELL IS   SHUT  FOR THE ITERATION.                          

 @--MESSAGE  AT TIME       13.0   DAYS    (14-JAN-2020):
 @           WELL YP1-001  IS REVIVED FOR ITERATION   3                      

 @--MESSAGE  AT TIME       13.0   DAYS    (14-JAN-2020):
 @           WELL YP1-003  IS REVIVED FOR ITERATION   3                      

 @--WARNING  AT TIME       13.0   DAYS    (14-JAN-2020):
 @           THE RESERVOIR PRESSURE IS TOO LOW FOR WELL YP1-006              
 @           TO PRODUCE AT THE REQUIRED BOTTOM HOLE PRESSURE                 

 @--MESSAGE  AT TIME       13.0   DAYS    (14-JAN-2020):
 @           WELL YP1-006  CANNOT OPERATE UNDER THE CURRENT                  
 @           RESERVOIR CONDITIONS IN NON-LINEAR ITERATION   3.               
 @           ITS IPR IS    Q(P)  =  A  -  BHP * B ,   WHERE:                 
 @           A(O,W,G) =   0.0000E+00  7.6686E+04  0.0000E+00                 
 @           B(O,W,G) =   0.0000E+00  7.6687E+01  0.0000E+00 .               
 @           LAST CONVERGED SOLUTION:                                        
 @               ORAT        WRAT        GRAT        BHP         THP         
 @             0.0000E+00  4.0519E-03  0.0000E+00  1.0000E+03  0.0000E+00    
 @           THE WELL IS   SHUT  FOR THE ITERATION.                          

 @--WARNING  AT TIME       13.0   DAYS    (14-JAN-2020):
 @           THE RESERVOIR PRESSURE IS TOO LOW FOR WELL YP1-005              
 @           TO PRODUCE AT THE REQUIRED BOTTOM HOLE PRESSURE                 

 @--MESSAGE  AT TIME       13.0   DAYS    (14-JAN-2020):
 @           WELL YP1-005  CANNOT OPERATE UNDER THE CURRENT                  
 @           RESERVOIR CONDITIONS IN NON-LINEAR ITERATION   4.               
 @           ITS IPR IS    Q(P)  =  A  -  BHP * B ,   WHERE:                 
 @           A(O,W,G) =   0.0000E+00  7.6687E+04  0.0000E+00                 
 @           B(O,W,G) =   0.0000E+00  7.6687E+01  0.0000E+00 .               
 @           LAST CONVERGED SOLUTION:                                        
 @               ORAT        WRAT        GRAT        BHP         THP         
 @             0.0000E+00  2.3708E-01  0.0000E+00  1.0000E+03  0.0000E+00    
 @           THE WELL IS   SHUT  FOR THE ITERATION.                          

 @--WARNING  AT TIME       13.0   DAYS    (14-JAN-2020):
 @           THE RESERVOIR PRESSURE IS TOO LOW FOR WELL YP1-007              
 @           TO PRODUCE AT THE REQUIRED BOTTOM HOLE PRESSURE                 

 @--MESSAGE  AT TIME       13.0   DAYS    (14-JAN-2020):
 @           WELL YP1-007  CANNOT OPERATE UNDER THE CURRENT                  
 @           RESERVOIR CONDITIONS IN NON-LINEAR ITERATION   4.               
 @           ITS IPR IS    Q(P)  =  A  -  BHP * B ,   WHERE:                 
 @           A(O,W,G) =   0.0000E+00  7.6687E+04  0.0000E+00                 
 @           B(O,W,G) =   0.0000E+00  7.6687E+01  0.0000E+00 .               
 @           LAST CONVERGED SOLUTION:                                        
 @               ORAT        WRAT        GRAT        BHP         THP         
 @             0.0000E+00  1.4251E-01  0.0000E+00  1.0000E+03  0.0000E+00    
 @           THE WELL IS   SHUT  FOR THE ITERATION.                          

 @--WARNING  AT TIME       13.0   DAYS    (14-JAN-2020):
 @           THE RESERVOIR PRESSURE IS TOO LOW FOR WELL YP1-009              
 @           TO PRODUCE AT THE REQUIRED BOTTOM HOLE PRESSURE                 

 @--MESSAGE  AT TIME       13.0   DAYS    (14-JAN-2020):
 @           WELL YP1-009  CANNOT OPERATE UNDER THE CURRENT                  
 @           RESERVOIR CONDITIONS IN NON-LINEAR ITERATION   4.               
 @           ITS IPR IS    Q(P)  =  A  -  BHP * B ,   WHERE:                 
 @           A(O,W,G) =   0.0000E+00  7.6687E+04  0.0000E+00                 
 @           B(O,W,G) =   0.0000E+00  7.6687E+01  0.0000E+00 .               
 @           LAST CONVERGED SOLUTION:                                        
 @               ORAT        WRAT        GRAT        BHP         THP         
 @             0.0000E+00  2.3764E-01  0.0000E+00  1.0000E+03  0.0000E+00    
 @           THE WELL IS   SHUT  FOR THE ITERATION.                          

 @--MESSAGE  AT TIME       13.0   DAYS    (14-JAN-2020):
 @           ****************************************************************
 @           * WELL YP1-005  IS  SHUT   AT TIME      13.00   DAYS   BECAUSE *
 @           * IT CANNOT OPERATE AT CURRENT RESERVOIR CONDITIONS.           *
 @           ****************************************************************

 @--MESSAGE  AT TIME       13.0   DAYS    (14-JAN-2020):
 @           ****************************************************************
 @           * WELL YP1-006  IS  SHUT   AT TIME      13.00   DAYS   BECAUSE *
 @           * IT CANNOT OPERATE AT CURRENT RESERVOIR CONDITIONS.           *
 @           ****************************************************************

 @--MESSAGE  AT TIME       13.0   DAYS    (14-JAN-2020):
 @           ****************************************************************
 @           * WELL YP1-007  IS  SHUT   AT TIME      13.00   DAYS   BECAUSE *
 @           * IT CANNOT OPERATE AT CURRENT RESERVOIR CONDITIONS.           *
 @           ****************************************************************

 @--MESSAGE  AT TIME       13.0   DAYS    (14-JAN-2020):
 @           ****************************************************************
 @           * WELL YP1-009  IS  SHUT   AT TIME      13.00   DAYS   BECAUSE *
 @           * IT CANNOT OPERATE AT CURRENT RESERVOIR CONDITIONS.           *
 @           ****************************************************************

 STEP    4 TIME=   40.00  DAYS ( +27.0  DAYS MAXF  5 ITS) (10-FEB-2020)          
  PAV=  1030.0  PSIA   WCT=1.000 GOR= 0.00000  MSCF/STB WGR= 0.00000  STB/MSCF   

      PR.RATE   PR.TOTAL  IN.RATE   IN.TOTAL  MAX SATURN CHANGE   MAX TIME TRNC ERR

 OIL       0.         0.       0.         0.  0.000(  1,  1,  1)  0.000(  1,  1,  1)
 WAT       0.      1673.       0.         0.  0.000(  1,  1,  1)  0.000(  1,  1,  1)
 GAS       0.         0.       0.         0.  0.000(  1,  1,  1)  0.000(  1,  1,  1)

      MAX DP =   -0.04(  1,  1,  8)  MAX DRS=  0.0000(  1,  1,  8) 

 @--WARNING  AT TIME       40.0   DAYS    (10-FEB-2020):
 @           THE RESERVOIR PRESSURE IS TOO LOW FOR WELL YP1-001              
 @           TO PRODUCE AT THE REQUIRED BOTTOM HOLE PRESSURE                 

 @--MESSAGE  AT TIME       40.0   DAYS    (10-FEB-2020):
 @           WELL YP1-001  CANNOT OPERATE UNDER THE CURRENT                  
 @           RESERVOIR CONDITIONS IN NON-LINEAR ITERATION   0.               
 @           ITS IPR IS    Q(P)  =  A  -  BHP * B ,   WHERE:                 
 @           A(O,W,G) =   0.0000E+00  7.6685E+04  0.0000E+00                 
 @           B(O,W,G) =   0.0000E+00  7.6687E+01  0.0000E+00 .               
 @           LAST CONVERGED SOLUTION:                                        
 @               ORAT        WRAT        GRAT        BHP         THP         
 @             0.0000E+00  2.5552E-03  0.0000E+00  1.0000E+03  0.0000E+00    
 @           THE WELL IS   SHUT  FOR THE ITERATION.                          

 @--WARNING  AT TIME       40.0   DAYS    (10-FEB-2020):
 @           THE RESERVOIR PRESSURE IS TOO LOW FOR WELL YP1-003              
 @           TO PRODUCE AT THE REQUIRED BOTTOM HOLE PRESSURE                 

 @--MESSAGE  AT TIME       40.0   DAYS    (10-FEB-2020):
 @           WELL YP1-003  CANNOT OPERATE UNDER THE CURRENT                  
 @           RESERVOIR CONDITIONS IN NON-LINEAR ITERATION   0.               
 @           ITS IPR IS    Q(P)  =  A  -  BHP * B ,   WHERE:                 
 @           A(O,W,G) =   0.0000E+00  7.6685E+04  0.0000E+00                 
 @           B(O,W,G) =   0.0000E+00  7.6687E+01  0.0000E+00 .               
 @           LAST CONVERGED SOLUTION:                                        
 @               ORAT        WRAT        GRAT        BHP         THP         
 @             0.0000E+00  5.4591E-05  0.0000E+00  1.0000E+03  0.0000E+00    
 @           THE WELL IS   SHUT  FOR THE ITERATION.                          

 @--MESSAGE  AT TIME       40.0   DAYS    (10-FEB-2020):
 @           WELL YP1-001  IS REVIVED FOR ITERATION   1                      

 @--MESSAGE  AT TIME       40.0   DAYS    (10-FEB-2020):
 @           WELL YP1-003  IS REVIVED FOR ITERATION   1                      

 @--WARNING  AT TIME       40.0   DAYS    (10-FEB-2020):
 @           THE RESERVOIR PRESSURE IS TOO LOW FOR WELL YP1-001              
 @           TO PRODUCE AT THE REQUIRED BOTTOM HOLE PRESSURE                 

 @--MESSAGE  AT TIME       40.0   DAYS    (10-FEB-2020):
 @           WELL YP1-001  CANNOT OPERATE UNDER THE CURRENT                  
 @           RESERVOIR CONDITIONS IN NON-LINEAR ITERATION   1.               
 @           ITS IPR IS    Q(P)  =  A  -  BHP * B ,   WHERE:                 
 @           A(O,W,G) =   0.0000E+00  7.6686E+04  0.0000E+00                 
 @           B(O,W,G) =   0.0000E+00  7.6687E+01  0.0000E+00 .               
 @           LAST CONVERGED SOLUTION:                                        
 @               ORAT        WRAT        GRAT        BHP         THP         
 @             0.0000E+00  0.0000E+00  0.0000E+00  7.0998E+02  0.0000E+00    
 @           THE WELL IS   SHUT  FOR THE ITERATION.                          

 @--WARNING  AT TIME       40.0   DAYS    (10-FEB-2020):
 @           THE RESERVOIR PRESSURE IS TOO LOW FOR WELL YP1-003              
 @           TO PRODUCE AT THE REQUIRED BOTTOM HOLE PRESSURE                 

 @--MESSAGE  AT TIME       40.0   DAYS    (10-FEB-2020):
 @           WELL YP1-003  CANNOT OPERATE UNDER THE CURRENT                  
 @           RESERVOIR CONDITIONS IN NON-LINEAR ITERATION   1.               
 @           ITS IPR IS    Q(P)  =  A  -  BHP * B ,   WHERE:                 
 @           A(O,W,G) =   0.0000E+00  7.6686E+04  0.0000E+00                 
 @           B(O,W,G) =   0.0000E+00  7.6687E+01  0.0000E+00 .               
 @           LAST CONVERGED SOLUTION:                                        
 @               ORAT        WRAT        GRAT        BHP         THP         
 @             0.0000E+00  0.0000E+00  0.0000E+00  7.0998E+02  0.0000E+00    
 @           THE WELL IS   SHUT  FOR THE ITERATION.                          

 @--MESSAGE  AT TIME       40.0   DAYS    (10-FEB-2020):
 @           ****************************************************************
 @           * WELL YP1-001  IS  SHUT   AT TIME      40.00   DAYS   BECAUSE *
 @           * IT CANNOT OPERATE AT CURRENT RESERVOIR CONDITIONS.           *
 @           ****************************************************************

 @--MESSAGE  AT TIME       40.0   DAYS    (10-FEB-2020):
 @           ****************************************************************
 @           * WELL YP1-003  IS  SHUT   AT TIME      40.00   DAYS   BECAUSE *
 @           * IT CANNOT OPERATE AT CURRENT RESERVOIR CONDITIONS.           *
 @           ****************************************************************

 STEP    5 TIME=  121.00  DAYS ( +81.0  DAYS MAXF  1 ITS) (1-MAY-2020)           
  PAV=  1030.0  PSIA   WCT= 0.00 GOR= 0.00000  MSCF/STB WGR= 0.00000  STB/MSCF   

      PR.RATE   PR.TOTAL  IN.RATE   IN.TOTAL  MAX SATURN CHANGE   MAX TIME TRNC ERR

 OIL       0.         0.       0.         0.  0.000(  1,  1,  1)  0.000(  1,  1,  1)
 WAT       0.      1673.       0.         0.  0.000(  1,  1,  1)  0.000(  1,  1,  1)
 GAS       0.         0.       0.         0.  0.000(  1,  1,  1)  0.000(  1,  1,  1)

      MAX DP =   -0.02(  1,  1,  2)  MAX DRS=  0.0000(  1,  1,  2) 

 STEP    6 TIME=  364.00  DAYS (+243.0  DAYS MAXF  1 ITS) (30-DEC-2020)          
  PAV=  1030.0  PSIA   WCT= 0.00 GOR= 0.00000  MSCF/STB WGR= 0.00000  STB/MSCF   

      PR.RATE   PR.TOTAL  IN.RATE   IN.TOTAL  MAX SATURN CHANGE   MAX TIME TRNC ERR

 OIL       0.         0.       0.         0.  0.000(  1,  1,  1)  0.000(  1,  1,  1)
 WAT       0.      1673.       0.         0.  0.000(  1,  1,  1)  0.000(  1,  1,  1)
 GAS       0.         0.       0.         0.  0.000(  1,  1,  1)  0.000(  1,  1,  1)

      MAX DP =    0.00( 10,  5, 10)  MAX DRS=  0.0000( 10,  5, 10) 

 STEP    7 TIME=  729.00  DAYS (+365.0  DAYS MAXS  1 ITS) (30-DEC-2021)          
  PAV=  1030.0  PSIA   WCT= 0.00 GOR= 0.00000  MSCF/STB WGR= 0.00000  STB/MSCF   

      PR.RATE   PR.TOTAL  IN.RATE   IN.TOTAL  MAX SATURN CHANGE   MAX TIME TRNC ERR

 OIL       0.         0.       0.         0.  0.000(  1,  1,  1)  0.000(  1,  1,  1)
 WAT       0.      1673.       0.         0.  0.000(  1,  1,  1)  0.000(  1,  1,  1)
 GAS       0.         0.       0.         0.  0.000(  1,  1,  1)  0.000(  1,  1,  1)

      MAX DP =    0.00(  5,  5,  8)  MAX DRS=  0.0000(  5,  5,  8) 

 STEP    8 TIME= 1094.00  DAYS (+365.0  DAYS MAXS  1 ITS) (30-DEC-2022)          
  PAV=  1030.0  PSIA   WCT= 0.00 GOR= 0.00000  MSCF/STB WGR= 0.00000  STB/MSCF   

      PR.RATE   PR.TOTAL  IN.RATE   IN.TOTAL  MAX SATURN CHANGE   MAX TIME TRNC ERR

 OIL       0.         0.       0.         0.  0.000(  1,  1,  1)  0.000(  1,  1,  1)
 WAT       0.      1673.       0.         0.  0.000(  1,  1,  1)  0.000(  1,  1,  1)
 GAS       0.         0.       0.         0.  0.000(  1,  1,  1)  0.000(  1,  1,  1)

      MAX DP =    0.00( 10,  5,  9)  MAX DRS=  0.0000( 10,  5,  9) 

 STEP    9 TIME= 1459.00  DAYS (+365.0  DAYS MAXS  1 ITS) (30-DEC-2023)          
  PAV=  1030.0  PSIA   WCT= 0.00 GOR= 0.00000  MSCF/STB WGR= 0.00000  STB/MSCF   

      PR.RATE   PR.TOTAL  IN.RATE   IN.TOTAL  MAX SATURN CHANGE   MAX TIME TRNC ERR

 OIL       0.         0.       0.         0.  0.000(  1,  1,  1)  0.000(  1,  1,  1)
 WAT       0.      1673.       0.         0.  0.000(  1,  1,  1)  0.000(  1,  1,  1)
 GAS       0.         0.       0.         0.  0.000(  1,  1,  1)  0.000(  1,  1,  1)

      MAX DP =    0.00( 10,  5, 10)  MAX DRS=  0.0000( 10,  5, 10) 

 STEP   10 TIME= 1824.00  DAYS (+365.0  DAYS MAXS  1 ITS) (29-DEC-2024)          
  PAV=  1030.0  PSIA   WCT= 0.00 GOR= 0.00000  MSCF/STB WGR= 0.00000  STB/MSCF   

      PR.RATE   PR.TOTAL  IN.RATE   IN.TOTAL  MAX SATURN CHANGE   MAX TIME TRNC ERR

 OIL       0.         0.       0.         0.  0.000(  1,  1,  1)  0.000(  1,  1,  1)
 WAT       0.      1673.       0.         0.  0.000(  1,  1,  1)  0.000(  1,  1,  1)
 GAS       0.         0.       0.         0.  0.000(  1,  1,  1)  0.000(  1,  1,  1)

      MAX DP =    0.00(  1,  5,  9)  MAX DRS=  0.0000(  1,  5,  9) 

 STEP   11 TIME= 2189.00  DAYS (+365.0  DAYS MAXS  1 ITS) (29-DEC-2025)          
  PAV=  1030.0  PSIA   WCT= 0.00 GOR= 0.00000  MSCF/STB WGR= 0.00000  STB/MSCF   

      PR.RATE   PR.TOTAL  IN.RATE   IN.TOTAL  MAX SATURN CHANGE   MAX TIME TRNC ERR

 OIL       0.         0.       0.         0.  0.000(  1,  1,  1)  0.000(  1,  1,  1)
 WAT       0.      1673.       0.         0.  0.000(  1,  1,  1)  0.000(  1,  1,  1)
 GAS       0.         0.       0.         0.  0.000(  1,  1,  1)  0.000(  1,  1,  1)

      MAX DP =    0.00(  2,  5,  9)  MAX DRS=  0.0000(  2,  5,  9) 

 STEP   12 TIME= 2554.00  DAYS (+365.0  DAYS MAXS  1 ITS) (29-DEC-2026)          
  PAV=  1030.0  PSIA   WCT= 0.00 GOR= 0.00000  MSCF/STB WGR= 0.00000  STB/MSCF   

      PR.RATE   PR.TOTAL  IN.RATE   IN.TOTAL  MAX SATURN CHANGE   MAX TIME TRNC ERR

 OIL       0.         0.       0.         0.  0.000(  1,  1,  1)  0.000(  1,  1,  1)
 WAT       0.      1673.       0.         0.  0.000(  1,  1,  1)  0.000(  1,  1,  1)
 GAS       0.         0.       0.         0.  0.000(  1,  1,  1)  0.000(  1,  1,  1)

      MAX DP =    0.00(  5,  5,  1)  MAX DRS=  0.0000(  5,  5,  1) 

 STEP   13 TIME= 2919.00  DAYS (+365.0  DAYS MAXS  1 ITS) (29-DEC-2027)          
  PAV=  1030.0  PSIA   WCT= 0.00 GOR= 0.00000  MSCF/STB WGR= 0.00000  STB/MSCF   

      PR.RATE   PR.TOTAL  IN.RATE   IN.TOTAL  MAX SATURN CHANGE   MAX TIME TRNC ERR

 OIL       0.         0.       0.         0.  0.000(  1,  1,  1)  0.000(  1,  1,  1)
 WAT       0.      1673.       0.         0.  0.000(  1,  1,  1)  0.000(  1,  1,  1)
 GAS       0.         0.       0.         0.  0.000(  1,  1,  1)  0.000(  1,  1,  1)

      MAX DP =    0.00(  1,  5, 10)  MAX DRS=  0.0000(  1,  5, 10) 

 STEP   14 TIME= 3284.00  DAYS (+365.0  DAYS MAXS  1 ITS) (28-DEC-2028)          
  PAV=  1030.0  PSIA   WCT= 0.00 GOR= 0.00000  MSCF/STB WGR= 0.00000  STB/MSCF   

      PR.RATE   PR.TOTAL  IN.RATE   IN.TOTAL  MAX SATURN CHANGE   MAX TIME TRNC ERR

 OIL       0.         0.       0.         0.  0.000(  1,  1,  1)  0.000(  1,  1,  1)
 WAT       0.      1673.       0.         0.  0.000(  1,  1,  1)  0.000(  1,  1,  1)
 GAS       0.         0.       0.         0.  0.000(  1,  1,  1)  0.000(  1,  1,  1)

      MAX DP =    0.00(  1,  5, 10)  MAX DRS=  0.0000(  1,  5, 10) 

 STEP   15 TIME= 3649.00  DAYS (+365.0  DAYS MAXS  1 ITS) (28-DEC-2029)          
  PAV=  1030.0  PSIA   WCT= 0.00 GOR= 0.00000  MSCF/STB WGR= 0.00000  STB/MSCF   

      PR.RATE   PR.TOTAL  IN.RATE   IN.TOTAL  MAX SATURN CHANGE   MAX TIME TRNC ERR

 OIL       0.         0.       0.         0.  0.000(  1,  1,  1)  0.000(  1,  1,  1)
 WAT       0.      1673.       0.         0.  0.000(  1,  1,  1)  0.000(  1,  1,  1)
 GAS       0.         0.       0.         0.  0.000(  1,  1,  1)  0.000(  1,  1,  1)

      MAX DP =    0.00( 10,  5, 10)  MAX DRS=  0.0000( 10,  5, 10) 

 STEP   16 TIME= 4014.00  DAYS (+365.0  DAYS MAXS  1 ITS) (28-DEC-2030)          
  PAV=  1030.0  PSIA   WCT= 0.00 GOR= 0.00000  MSCF/STB WGR= 0.00000  STB/MSCF   

      PR.RATE   PR.TOTAL  IN.RATE   IN.TOTAL  MAX SATURN CHANGE   MAX TIME TRNC ERR

 OIL       0.         0.       0.         0.  0.000(  1,  1,  1)  0.000(  1,  1,  1)
 WAT       0.      1673.       0.         0.  0.000(  1,  1,  1)  0.000(  1,  1,  1)
 GAS       0.         0.       0.         0.  0.000(  1,  1,  1)  0.000(  1,  1,  1)

      MAX DP =    0.00(  1,  5, 10)  MAX DRS=  0.0000(  1,  5, 10) 

 STEP   17 TIME= 4379.00  DAYS (+365.0  DAYS MAXS  1 ITS) (28-DEC-2031)          
  PAV=  1030.0  PSIA   WCT= 0.00 GOR= 0.00000  MSCF/STB WGR= 0.00000  STB/MSCF   

      PR.RATE   PR.TOTAL  IN.RATE   IN.TOTAL  MAX SATURN CHANGE   MAX TIME TRNC ERR

 OIL       0.         0.       0.         0.  0.000(  1,  1,  1)  0.000(  1,  1,  1)
 WAT       0.      1673.       0.         0.  0.000(  1,  1,  1)  0.000(  1,  1,  1)
 GAS       0.         0.       0.         0.  0.000(  1,  1,  1)  0.000(  1,  1,  1)

      MAX DP =    0.00(  1,  5, 10)  MAX DRS=  0.0000(  1,  5, 10) 

 STEP   18 TIME= 4744.00  DAYS (+365.0  DAYS MAXS  1 ITS) (27-DEC-2032)          
  PAV=  1030.0  PSIA   WCT= 0.00 GOR= 0.00000  MSCF/STB WGR= 0.00000  STB/MSCF   

      PR.RATE   PR.TOTAL  IN.RATE   IN.TOTAL  MAX SATURN CHANGE   MAX TIME TRNC ERR

 OIL       0.         0.       0.         0.  0.000(  1,  1,  1)  0.000(  1,  1,  1)
 WAT       0.      1673.       0.         0.  0.000(  1,  1,  1)  0.000(  1,  1,  1)
 GAS       0.         0.       0.         0.  0.000(  1,  1,  1)  0.000(  1,  1,  1)

      MAX DP =    0.00(  1,  5,  1)  MAX DRS=  0.0000(  1,  5,  1) 

 STEP   19 TIME= 5109.00  DAYS (+365.0  DAYS MAXS  1 ITS) (27-DEC-2033)          
  PAV=  1030.0  PSIA   WCT= 0.00 GOR= 0.00000  MSCF/STB WGR= 0.00000  STB/MSCF   

      PR.RATE   PR.TOTAL  IN.RATE   IN.TOTAL  MAX SATURN CHANGE   MAX TIME TRNC ERR

 OIL       0.         0.       0.         0.  0.000(  1,  1,  1)  0.000(  1,  1,  1)
 WAT       0.      1673.       0.         0.  0.000(  1,  1,  1)  0.000(  1,  1,  1)
 GAS       0.         0.       0.         0.  0.000(  1,  1,  1)  0.000(  1,  1,  1)

      MAX DP =    0.00( 10,  5,  1)  MAX DRS=  0.0000( 10,  5,  1) 

 STEP   20 TIME= 5474.00  DAYS (+365.0  DAYS MAXS  1 ITS) (27-DEC-2034)          
  PAV=  1030.0  PSIA   WCT= 0.00 GOR= 0.00000  MSCF/STB WGR= 0.00000  STB/MSCF   

      PR.RATE   PR.TOTAL  IN.RATE   IN.TOTAL  MAX SATURN CHANGE   MAX TIME TRNC ERR

 OIL       0.         0.       0.         0.  0.000(  1,  1,  1)  0.000(  1,  1,  1)
 WAT       0.      1673.       0.         0.  0.000(  1,  1,  1)  0.000(  1,  1,  1)
 GAS       0.         0.       0.         0.  0.000(  1,  1,  1)  0.000(  1,  1,  1)

      MAX DP =    0.00(  6,  5, 10)  MAX DRS=  0.0000(  6,  5, 10) 

 STEP   21 TIME= 5839.00  DAYS (+365.0  DAYS MAXS  1 ITS) (27-DEC-2035)          
  PAV=  1030.0  PSIA   WCT= 0.00 GOR= 0.00000  MSCF/STB WGR= 0.00000  STB/MSCF   

      PR.RATE   PR.TOTAL  IN.RATE   IN.TOTAL  MAX SATURN CHANGE   MAX TIME TRNC ERR

 OIL       0.         0.       0.         0.  0.000(  1,  1,  1)  0.000(  1,  1,  1)
 WAT       0.      1673.       0.         0.  0.000(  1,  1,  1)  0.000(  1,  1,  1)
 GAS       0.         0.       0.         0.  0.000(  1,  1,  1)  0.000(  1,  1,  1)

      MAX DP =    0.00(  5,  5, 10)  MAX DRS=  0.0000(  5,  5, 10) 

 STEP   22 TIME= 6204.00  DAYS (+365.0  DAYS MAXS  1 ITS) (26-DEC-2036)          
  PAV=  1030.0  PSIA   WCT= 0.00 GOR= 0.00000  MSCF/STB WGR= 0.00000  STB/MSCF   

      PR.RATE   PR.TOTAL  IN.RATE   IN.TOTAL  MAX SATURN CHANGE   MAX TIME TRNC ERR

 OIL       0.         0.       0.         0.  0.000(  1,  1,  1)  0.000(  1,  1,  1)
 WAT       0.      1673.       0.         0.  0.000(  1,  1,  1)  0.000(  1,  1,  1)
 GAS       0.         0.       0.         0.  0.000(  1,  1,  1)  0.000(  1,  1,  1)

      MAX DP =    0.00(  1,  5,  1)  MAX DRS=  0.0000(  1,  5,  1) 

 STEP   23 TIME= 6569.00  DAYS (+365.0  DAYS MAXS  1 ITS) (26-DEC-2037)          
  PAV=  1030.0  PSIA   WCT= 0.00 GOR= 0.00000  MSCF/STB WGR= 0.00000  STB/MSCF   

      PR.RATE   PR.TOTAL  IN.RATE   IN.TOTAL  MAX SATURN CHANGE   MAX TIME TRNC ERR

 OIL       0.         0.       0.         0.  0.000(  1,  1,  1)  0.000(  1,  1,  1)
 WAT       0.      1673.       0.         0.  0.000(  1,  1,  1)  0.000(  1,  1,  1)
 GAS       0.         0.       0.         0.  0.000(  1,  1,  1)  0.000(  1,  1,  1)

      MAX DP =    0.00( 10,  5,  1)  MAX DRS=  0.0000( 10,  5,  1) 

 STEP   24 TIME= 6934.00  DAYS (+365.0  DAYS MAXS  1 ITS) (26-DEC-2038)          
  PAV=  1030.0  PSIA   WCT= 0.00 GOR= 0.00000  MSCF/STB WGR= 0.00000  STB/MSCF   

      PR.RATE   PR.TOTAL  IN.RATE   IN.TOTAL  MAX SATURN CHANGE   MAX TIME TRNC ERR

 OIL       0.         0.       0.         0.  0.000(  1,  1,  1)  0.000(  1,  1,  1)
 WAT       0.      1673.       0.         0.  0.000(  1,  1,  1)  0.000(  1,  1,  1)
 GAS       0.         0.       0.         0.  0.000(  1,  1,  1)  0.000(  1,  1,  1)

      MAX DP =    0.00(  5,  5,  1)  MAX DRS=  0.0000(  5,  5,  1) 

 STEP   25 TIME= 7299.00  DAYS (+365.0  DAYS MAXS  1 ITS) (26-DEC-2039)          
  PAV=  1030.0  PSIA   WCT= 0.00 GOR= 0.00000  MSCF/STB WGR= 0.00000  STB/MSCF   

      PR.RATE   PR.TOTAL  IN.RATE   IN.TOTAL  MAX SATURN CHANGE   MAX TIME TRNC ERR

 OIL       0.         0.       0.         0.  0.000(  1,  1,  1)  0.000(  1,  1,  1)
 WAT       0.      1673.       0.         0.  0.000(  1,  1,  1)  0.000(  1,  1,  1)
 GAS       0.         0.       0.         0.  0.000(  1,  1,  1)  0.000(  1,  1,  1)

      MAX DP =    0.00(  5,  5,  1)  MAX DRS=  0.0000(  5,  5,  1) 

 STEP   26 TIME= 7664.00  DAYS (+365.0  DAYS MAXS  1 ITS) (25-DEC-2040)          
  PAV=  1030.0  PSIA   WCT= 0.00 GOR= 0.00000  MSCF/STB WGR= 0.00000  STB/MSCF   

      PR.RATE   PR.TOTAL  IN.RATE   IN.TOTAL  MAX SATURN CHANGE   MAX TIME TRNC ERR

 OIL       0.         0.       0.         0.  0.000(  1,  1,  1)  0.000(  1,  1,  1)
 WAT       0.      1673.       0.         0.  0.000(  1,  1,  1)  0.000(  1,  1,  1)
 GAS       0.         0.       0.         0.  0.000(  1,  1,  1)  0.000(  1,  1,  1)

      MAX DP =    0.00( 10,  5, 10)  MAX DRS=  0.0000( 10,  5, 10) 

 STEP   27 TIME= 8029.00  DAYS (+365.0  DAYS MAXS  1 ITS) (25-DEC-2041)          
  PAV=  1030.0  PSIA   WCT= 0.00 GOR= 0.00000  MSCF/STB WGR= 0.00000  STB/MSCF   

      PR.RATE   PR.TOTAL  IN.RATE   IN.TOTAL  MAX SATURN CHANGE   MAX TIME TRNC ERR

 OIL       0.         0.       0.         0.  0.000(  1,  1,  1)  0.000(  1,  1,  1)
 WAT       0.      1673.       0.         0.  0.000(  1,  1,  1)  0.000(  1,  1,  1)
 GAS       0.         0.       0.         0.  0.000(  1,  1,  1)  0.000(  1,  1,  1)

      MAX DP =    0.00( 10,  5,  1)  MAX DRS=  0.0000( 10,  5,  1) 

 STEP   28 TIME= 8394.00  DAYS (+365.0  DAYS MAXS  1 ITS) (25-DEC-2042)          
  PAV=  1030.0  PSIA   WCT= 0.00 GOR= 0.00000  MSCF/STB WGR= 0.00000  STB/MSCF   

      PR.RATE   PR.TOTAL  IN.RATE   IN.TOTAL  MAX SATURN CHANGE   MAX TIME TRNC ERR

 OIL       0.         0.       0.         0.  0.000(  1,  1,  1)  0.000(  1,  1,  1)
 WAT       0.      1673.       0.         0.  0.000(  1,  1,  1)  0.000(  1,  1,  1)
 GAS       0.         0.       0.         0.  0.000(  1,  1,  1)  0.000(  1,  1,  1)

      MAX DP =    0.00( 10,  5,  8)  MAX DRS=  0.0000( 10,  5,  8) 

 STEP   29 TIME= 8759.00  DAYS (+365.0  DAYS MAXS  1 ITS) (25-DEC-2043)          
  PAV=  1030.0  PSIA   WCT= 0.00 GOR= 0.00000  MSCF/STB WGR= 0.00000  STB/MSCF   

      PR.RATE   PR.TOTAL  IN.RATE   IN.TOTAL  MAX SATURN CHANGE   MAX TIME TRNC ERR

 OIL       0.         0.       0.         0.  0.000(  1,  1,  1)  0.000(  1,  1,  1)
 WAT       0.      1673.       0.         0.  0.000(  1,  1,  1)  0.000(  1,  1,  1)
 GAS       0.         0.       0.         0.  0.000(  1,  1,  1)  0.000(  1,  1,  1)

      MAX DP =    0.00(  1,  5,  1)  MAX DRS=  0.0000(  1,  5,  1) 

 STEP   30 TIME= 9124.00  DAYS (+365.0  DAYS MAXS  1 ITS) (24-DEC-2044)          
  PAV=  1030.0  PSIA   WCT= 0.00 GOR= 0.00000  MSCF/STB WGR= 0.00000  STB/MSCF   

      PR.RATE   PR.TOTAL  IN.RATE   IN.TOTAL  MAX SATURN CHANGE   MAX TIME TRNC ERR

 OIL       0.         0.       0.         0.  0.000(  1,  1,  1)  0.000(  1,  1,  1)
 WAT       0.      1673.       0.         0.  0.000(  1,  1,  1)  0.000(  1,  1,  1)
 GAS       0.         0.       0.         0.  0.000(  1,  1,  1)  0.000(  1,  1,  1)

      MAX DP =    0.00(  1,  5,  1)  MAX DRS=  0.0000(  1,  5,  1) 

 STEP   31 TIME= 9489.00  DAYS (+365.0  DAYS MAXS  1 ITS) (24-DEC-2045)          
  PAV=  1030.0  PSIA   WCT= 0.00 GOR= 0.00000  MSCF/STB WGR= 0.00000  STB/MSCF   

      PR.RATE   PR.TOTAL  IN.RATE   IN.TOTAL  MAX SATURN CHANGE   MAX TIME TRNC ERR

 OIL       0.         0.       0.         0.  0.000(  1,  1,  1)  0.000(  1,  1,  1)
 WAT       0.      1673.       0.         0.  0.000(  1,  1,  1)  0.000(  1,  1,  1)
 GAS       0.         0.       0.         0.  0.000(  1,  1,  1)  0.000(  1,  1,  1)

      MAX DP =    0.00( 10,  5,  1)  MAX DRS=  0.0000( 10,  5,  1) 

 STEP   32 TIME= 9744.50  DAYS (+255.5  DAYS HALF  1 ITS) (5-SEP-2046)           
  PAV=  1030.0  PSIA   WCT= 0.00 GOR= 0.00000  MSCF/STB WGR= 0.00000  STB/MSCF   

      PR.RATE   PR.TOTAL  IN.RATE   IN.TOTAL  MAX SATURN CHANGE   MAX TIME TRNC ERR

 OIL       0.         0.       0.         0.  0.000(  1,  1,  1)  0.000(  1,  1,  1)
 WAT       0.      1673.       0.         0.  0.000(  1,  1,  1)  0.000(  1,  1,  1)
 GAS       0.         0.       0.         0.  0.000(  1,  1,  1)  0.000(  1,  1,  1)

      MAX DP =    0.00(  1,  5,  1)  MAX DRS=  0.0000(  1,  5,  1) 

 STEP   33 TIME=10000.00  DAYS (+255.5  DAYS REPT  1 ITS) (19-MAY-2047)          
  PAV=  1030.0  PSIA   WCT= 0.00 GOR= 0.00000  MSCF/STB WGR= 0.00000  STB/MSCF   

      PR.RATE   PR.TOTAL  IN.RATE   IN.TOTAL  MAX SATURN CHANGE   MAX TIME TRNC ERR

 OIL       0.         0.       0.         0.  0.000(  1,  1,  1)  0.000(  1,  1,  1)
 WAT       0.      1673.       0.         0.  0.000(  1,  1,  1)  0.000(  1,  1,  1)
 GAS       0.         0.       0.         0.  0.000(  1,  1,  1)  0.000(  1,  1,  1)

      MAX DP =    0.00( 10,  5, 10)  MAX DRS=  0.0000( 10,  5, 10) 
1                             **********************************************************************   8
  WELLS    AT 10000.00   DAYS *    YUSUF PROJ                                                          * ECLIPSE  VERSION 2010.1     
  REPORT   1    19 MAY 2047   *  RUN                                                                   * RUN AT 21:59 ON 23 JLY 2021 
                              **************************************************************************


                                                          PRODUCTION REPORT
                                                          -----------------

------------------------------------------------------------------------------------------------------------------------------------
:  WELL  :  LOCATION :CTRL:    OIL    :   WATER   :    GAS    :   FLUID   :WATER: GAS/OIL: WAT/GAS: BHP OR : THP OR : STEADY-ST PI :
:  NAME  :  (I,J,K)  :MODE:    RATE   :   RATE    :    RATE   :  RES.VOL. : CUT :  RATIO :  RATIO : CON.PR.: BLK.PR.: OR POTN OF   :
: OR GRID:           :    :   STB/DAY :   STB/DAY :  MSCF/DAY :   RB/DAY  :     :MSCF/STB:STB/MSCF:  PSIA  :  PSIA  : PREFERRED PH :
====================================================================================================================================
:        :           :    :           :           :           :           :     :        :        :        :        :              :
:FIELD               :    :        0.0:        0.0:        0.0:        0.0:0.000:    0.00:  0.0000:        :        :              :
====================================================================================================================================
:        :           :    :           :           :           :           :     :        :        :        :        :              :
:PROD-GRP  GROUP     :    :        0.0:        0.0:        0.0:        0.0:0.000:    0.00:  0.0000:        :        :              :
------------------------------------------------------------------------------------------------------------------------------------
====================================================================================================================================


                                                CUMULATIVE PRODUCTION/INJECTION TOTALS
                                                --------------------------------------

    --------------------------------------------------------------------------------------------------------------------------------
    :  WELL  :  LOCATION :WELL:WELL:    OIL    :   WATER   :    GAS    :  RES.VOL. :    OIL    :   WATER   :    GAS    :  RES.VOL. :
    :  NAME  :  (I,J,K)  :TYPE:CTRL: PRODUCTION: PRODUCTION: PRODUCTION: PRODUCTION: INJECTION : INJECTION : INJECTION : INJECTION :
    : OR GRID:           :    :MODE:    MSTB   :    MSTB   :   MMSCF   :    MRB    :    MSTB   :    MSTB   :   MMSCF   :    MRB    :
    ================================================================================================================================
    :        :           :    :    :           :           :           :           :           :           :           :           :
    :FIELD               :    :    :        0.0:        1.7:        0.0:        1.7:        0.0:        0.0:        0.0:        0.0: 
    ================================================================================================================================
    :        :           :    :    :           :           :           :           :           :           :           :           :
    :PROD-GRP  GROUP     :    :    :        0.0:        1.7:        0.0:        1.7:        0.0:        0.0:        0.0:        0.0: 
    --------------------------------------------------------------------------------------------------------------------------------
    :        :           :    :    :           :           :           :           :           :           :           :           :
    :YP1-001 :  1,  1    :PROD:SHUT:        0.0:        0.2:        0.0:        0.2:        0.0:        0.0:        0.0:        0.0: 
    :  BLOCK :  1,  1,  2:    :    :        0.0:        0.0:        0.0:        0.0:        0.0:        0.0:        0.0:        0.0: 
    :  BLOCK :  1,  1,  3:    :    :        0.0:        0.0:        0.0:        0.0:        0.0:        0.0:        0.0:        0.0: 
    :  BLOCK :  1,  1,  4:    :    :        0.0:        0.0:        0.0:        0.0:        0.0:        0.0:        0.0:        0.0: 
    :  BLOCK :  1,  1,  5:    :    :        0.0:        0.0:        0.0:        0.0:        0.0:        0.0:        0.0:        0.0: 
    :  BLOCK :  1,  1,  6:    :    :        0.0:        0.0:        0.0:        0.0:        0.0:        0.0:        0.0:        0.0: 
    :  BLOCK :  1,  1,  7:    :    :        0.0:        0.0:        0.0:        0.0:        0.0:        0.0:        0.0:        0.0: 
    :  BLOCK :  1,  1,  8:    :    :        0.0:        0.0:        0.0:        0.0:        0.0:        0.0:        0.0:        0.0: 
    :        :           :    :    :           :           :           :           :           :           :           :           :
    :YP1-003 :  1,  8    :PROD:SHUT:        0.0:        0.2:        0.0:        0.2:        0.0:        0.0:        0.0:        0.0: 
    :  BLOCK :  1,  8,  2:    :    :        0.0:        0.0:        0.0:        0.0:        0.0:        0.0:        0.0:        0.0: 
    :  BLOCK :  1,  8,  3:    :    :        0.0:        0.0:        0.0:        0.0:        0.0:        0.0:        0.0:        0.0: 
    :  BLOCK :  1,  8,  4:    :    :        0.0:        0.0:        0.0:        0.0:        0.0:        0.0:        0.0:        0.0: 
    :  BLOCK :  1,  8,  5:    :    :        0.0:        0.0:        0.0:        0.0:        0.0:        0.0:        0.0:        0.0: 
    :  BLOCK :  1,  8,  6:    :    :        0.0:        0.0:        0.0:        0.0:        0.0:        0.0:        0.0:        0.0: 
    :  BLOCK :  1,  8,  7:    :    :        0.0:        0.0:        0.0:        0.0:        0.0:        0.0:        0.0:        0.0: 
    :  BLOCK :  1,  8,  8:    :    :        0.0:        0.1:        0.0:        0.1:        0.0:        0.0:        0.0:        0.0: 
    :        :           :    :    :           :           :           :           :           :           :           :           :
    :YP1-005 :  3,  3    :PROD:SHUT:        0.0:        0.3:        0.0:        0.3:        0.0:        0.0:        0.0:        0.0: 
    :  BLOCK :  3,  3,  2:    :    :        0.0:        0.0:        0.0:        0.0:        0.0:        0.0:        0.0:        0.0: 
    :  BLOCK :  3,  3,  3:    :    :        0.0:        0.0:        0.0:        0.0:        0.0:        0.0:        0.0:        0.0: 
    :  BLOCK :  3,  3,  4:    :    :        0.0:        0.0:        0.0:        0.0:        0.0:        0.0:        0.0:        0.0: 
    :  BLOCK :  3,  3,  5:    :    :        0.0:        0.0:        0.0:        0.0:        0.0:        0.0:        0.0:        0.0: 
    :  BLOCK :  3,  3,  6:    :    :        0.0:        0.0:        0.0:        0.0:        0.0:        0.0:        0.0:        0.0: 
    :  BLOCK :  3,  3,  7:    :    :        0.0:        0.0:        0.0:        0.0:        0.0:        0.0:        0.0:        0.0: 
    :  BLOCK :  3,  3,  8:    :    :        0.0:        0.1:        0.0:        0.1:        0.0:        0.0:        0.0:        0.0: 
    :        :           :    :    :           :           :           :           :           :           :           :           :
    :YP1-006 :  3,  8    :PROD:SHUT:        0.0:        0.3:        0.0:        0.3:        0.0:        0.0:        0.0:        0.0: 
    :  BLOCK :  3,  8,  2:    :    :        0.0:        0.0:        0.0:        0.0:        0.0:        0.0:        0.0:        0.0: 
    :  BLOCK :  3,  8,  3:    :    :        0.0:        0.0:        0.0:        0.0:        0.0:        0.0:        0.0:        0.0: 
    :  BLOCK :  3,  8,  4:    :    :        0.0:        0.0:        0.0:        0.0:        0.0:        0.0:        0.0:        0.0: 
    :  BLOCK :  3,  8,  5:    :    :        0.0:        0.0:        0.0:        0.0:        0.0:        0.0:        0.0:        0.0: 
    :  BLOCK :  3,  8,  6:    :    :        0.0:        0.0:        0.0:        0.0:        0.0:        0.0:        0.0:        0.0: 
    :  BLOCK :  3,  8,  7:    :    :        0.0:        0.0:        0.0:        0.0:        0.0:        0.0:        0.0:        0.0: 
    :  BLOCK :  3,  8,  8:    :    :        0.0:        0.1:        0.0:        0.1:        0.0:        0.0:        0.0:        0.0: 
    :        :           :    :    :           :           :           :           :           :           :           :           :
    :YP1-007 :  8,  1    :PROD:SHUT:        0.0:        0.3:        0.0:        0.3:        0.0:        0.0:        0.0:        0.0: 
    :  BLOCK :  8,  1,  2:    :    :        0.0:        0.0:        0.0:        0.0:        0.0:        0.0:        0.0:        0.0: 
    :  BLOCK :  8,  1,  3:    :    :        0.0:        0.0:        0.0:        0.0:        0.0:        0.0:        0.0:        0.0: 
    :  BLOCK :  8,  1,  4:    :    :        0.0:        0.0:        0.0:        0.0:        0.0:        0.0:        0.0:        0.0: 
    :  BLOCK :  8,  1,  5:    :    :        0.0:        0.0:        0.0:        0.0:        0.0:        0.0:        0.0:        0.0: 
    :  BLOCK :  8,  1,  6:    :    :        0.0:        0.0:        0.0:        0.0:        0.0:        0.0:        0.0:        0.0: 
    :  BLOCK :  8,  1,  7:    :    :        0.0:        0.0:        0.0:        0.0:        0.0:        0.0:        0.0:        0.0: 
    :  BLOCK :  8,  1,  8:    :    :        0.0:        0.1:        0.0:        0.1:        0.0:        0.0:        0.0:        0.0: 
    :        :           :    :    :           :           :           :           :           :           :           :           :
    :YP1-009 :  8,  8    :PROD:SHUT:        0.0:        0.4:        0.0:        0.4:        0.0:        0.0:        0.0:        0.0: 
    :  BLOCK :  8,  8,  2:    :    :        0.0:        0.1:        0.0:        0.1:        0.0:        0.0:        0.0:        0.0: 
    :  BLOCK :  8,  8,  3:    :    :        0.0:        0.0:        0.0:        0.0:        0.0:        0.0:        0.0:        0.0: 
    :  BLOCK :  8,  8,  4:    :    :        0.0:        0.0:        0.0:        0.0:        0.0:        0.0:        0.0:        0.0: 
    :  BLOCK :  8,  8,  5:    :    :        0.0:        0.0:        0.0:        0.0:        0.0:        0.0:        0.0:        0.0: 
    :  BLOCK :  8,  8,  6:    :    :        0.0:        0.0:        0.0:        0.0:        0.0:        0.0:        0.0:        0.0: 
    :  BLOCK :  8,  8,  7:    :    :        0.0:        0.1:        0.0:        0.1:        0.0:        0.0:        0.0:        0.0: 
    :  BLOCK :  8,  8,  8:    :    :        0.0:        0.1:        0.0:        0.1:        0.0:        0.0:        0.0:        0.0: 
    ================================================================================================================================
1                             **********************************************************************   9
  BALANCE  AT 10000.00   DAYS *    YUSUF PROJ                                                          * ECLIPSE  VERSION 2010.1     
  REPORT   1    19 MAY 2047   *  RUN                                                                   * RUN AT 21:59 ON 23 JLY 2021 
                              **************************************************************************


                                                     ==================================================
                                                     :               FIELD TOTALS                     :
                                                     :         PAV =       1030.03  PSIA              :
                                                     :         PORV=       427458.   RB               :
                                                     :(PRESSURE IS WEIGHTED BY HYDROCARBON PORE VOLUME:
                                                     : PORE VOLUMES ARE TAKEN AT REFERENCE CONDITIONS):
                           :--------------- OIL    STB  ---------------:-- WAT    STB  -:--------------- GAS   MSCF  ---------------:
                           :     LIQUID         VAPOUR         TOTAL   :       TOTAL    :       FREE      DISSOLVED         TOTAL   :
 :-------------------------:-------------------------------------------:----------------:-------------------------------------------:
 :CURRENTLY IN PLACE       :            0.                           0.:        410455. :            0.            0.             0.:
 :-------------------------:-------------------------------------------:----------------:-------------------------------------------:
 :OUTFLOW THROUGH WELLS    :                                         0.:          1673. :                                         0.:
 :WELL  MATERIAL BAL. ERROR:                                         0.:             0. :                                         0.:
 :FIELD MATERIAL BAL. ERROR:                                         0.:             0. :                                         0.:
 :-------------------------:-------------------------------------------:----------------:-------------------------------------------:
 :ORIGINALLY IN PLACE      :            0.                           0.:        412128. :            0.            0.             0.:
 ====================================================================================================================================


                                                     ===================================
                                                     :  FIPNUM OIL RECOVERY FACTORS    :
 :---------:-----------------------------:---------------------------------------------:--------------------------------------------:
 :         :                             : RATIO OF       RATIO OF       RATIO OF      : RATIO OF       RATIO OF       RATIO OF     :
 : REGION  : MOBILE OIIP    MOBILE OIIP  : DISPLACED OIL  DISPLACED OIL  DISPLACED OIL : WELL FLOW      WELL FLOW      WELL FLOW    :
 :         : (W.R.T WATER)  (W.R.T GAS)  : TO INITIAL     TO INITIAL     TO INITIAL    : TO INITIAL     TO INITIAL     TO INITIAL   :
 :         :                             : OIP            MOBILE OIL     MOBILE OIL    : OIP            MOBILE OIL     MOBILE OIL   :
 :         :                             :                (WATER)        (GAS)         :                (WATER)        (GAS)        :
 :---------:-----------------------------:---------------------------------------------:--------------------------------------------:
 :   FIELD :    0.000E+00      0.000E+00 :                                             :                                            :
 ====================================================================================================================================

 @--MESSAGE  AT TIME    10000.0   DAYS    (19-MAY-2047):
 @           FAIL-SAFE RESTART FILE WRITTEN   REPORT     1                   
 @           RESTART INCLUDES FLUIDS IN PLACE                                
 ============================================================ 
 TIMING REPORT FOR CPU     1=     0 SECS - ELAPSED=     0 SECS
 TIMING REPORT FOR CPU     2=     0 SECS - ELAPSED=     0 SECS
 TIMING REPORT FOR CPU     3=     0 SECS - ELAPSED=     0 SECS
 TIMING REPORT FOR CPU     4=     0 SECS - ELAPSED=     0 SECS
 ============================================================ 
 ZZSS    1 18 18
                RR      1  3  3
 SR      1  7  7
 TS      1 81 81
                TSJ     1  0  0
                NX     33 50 50
                               WC     73 17 17
                                              SWC2   73  4  4
                               LMRS   73  1  1
                                              LMRI   73  0  0
                                              LMRO   73  1  1
                               CONV   73  2  2
                               LMJC   40  1  1
                                              LMJI   40  0  0
                                              LMJO   40  0  0
                                              SWPJ   40  0  0
                               LXX    40 25 25
                                              WGIN   40  0  0
                                              GINV   40  6  6
                                                             GINV   40  6  6
                                                                            SEB1   80  1  1
                                                                            SEB7   40  0  0
                                                                            GAM    40  3  3
                                                                                           SEB8   40  0  0
                                                                                           SEB6   40  0  0
                                                                                           REB6   40  3  3
                                              WRES   40  0  0
                                              ITER   40 19 19
                                                             NORM  286  3  3
                                                                            MAX   286  2  2
                                                             SRCH  246 10 10
                                                                            FORW  246  1  1
                                                                            SES2  246  0  0
                                                                            TREE  246  1  1
                                                                                           RES2  246  0  0
                                                                                           RSTR  246  0  0
                                                                                           RES8  246  0  0
                                                                                           SES8  246  0  0
                                                                                           SES6  246  1  1
                                                                                           RES6  246  0  0
                                                                            BACK  246  2  2
                                                                            SWS5  246  0  0
                                                             WADX  246  0  0
                                                             ORTH  246  3  3
                                                                            SUMB  246  3  3
                                                             UPDA  246  3  3
                                                                            SUMA  206  3  3
                                              WSOL   40  0  0
                               XUIT   40  0  0
                               SWPX   40  0  0
                               SWC4   40  0  0
                               RWC4   40  1  1
                               LC     40  2  2
                ZSOL   33  7  7
                               SOL    33  0  0
                XRPN   33  1  1
                SWC2   33  3  3
 WWX     1  1  1
 FWXR    1  0  0
 YW      1  2  2
    39 READING WCONPROD
    40 READING END     

 Error summary 
 Comments               1
 Warnings              13
 Problems               0
 Errors                 0
 Bugs                   0
 Final cpu       0.41 elapsed       0.41
